<?xml version="1.0" encoding="UTF-8"?>
<testng-results ignored="0" total="1" passed="1" failed="0" skipped="0">
  <reporter-output>
  </reporter-output>
  <suite started-at="2022-01-22T09:27:46 IST" name="Default suite" finished-at="2022-01-22T09:27:46 IST" duration-ms="30">
    <groups>
    </groups>
    <test started-at="2022-01-22T09:27:46 IST" name="Default test" finished-at="2022-01-22T09:27:46 IST" duration-ms="30">
      <class name="testPackage.day1">
        <test-method signature="demo()[pri:0, instance:testPackage.day1@51e5fc98]" started-at="2022-01-22T09:27:46 IST" name="demo" finished-at="2022-01-22T09:27:46 IST" duration-ms="5" status="PASS">
          <reporter-output>
          </reporter-output>
        </test-method> <!-- demo -->
      </class> <!-- testPackage.day1 -->
    </test> <!-- Default test -->
  </suite> <!-- Default suite -->
</testng-results>
